<?xml version="1.0" encoding="UTF-8"?>
<!-- Generated by org.testng.reporters.JUnitReportReporter -->
<testsuite skipped="0" hostname="Adarsh" name="pageobjects.TestClass" tests="5" failures="0" timestamp="2020-06-16T09:30:09 IST" time="4.795" errors="0">
  <testcase name="gettitle" time="0.088" classname="pageobjects.TestClass"/>
  <system-out/>
  <testcase name="screenshot" time="0.650" classname="pageobjects.TestClass"/>
  <system-out/>
  <testcase name="login" time="0.621" classname="pageobjects.TestClass"/>
  <system-out/>
  <testcase name="pass" time="0.191" classname="pageobjects.TestClass"/>
  <system-out/>
  <testcase name="click" time="3.245" classname="pageobjects.TestClass"/>
  <system-out/>
</testsuite> <!-- pageobjects.TestClass -->
