<?xml version="1.0" encoding="UTF-8"?>
<!-- Generated by org.testng.reporters.JUnitReportReporter -->
<testsuite skipped="0" hostname="Adarsh" name="pageobjects.NewTest" tests="1" failures="0" timestamp="2020-06-06T21:12:05 IST" time="0.022" errors="0">
  <testcase name="title" time="0.022" classname="pageobjects.NewTest"/>
  <system-out/>
</testsuite> <!-- pageobjects.NewTest -->
