<?xml version="1.0" encoding="UTF-8"?>
<!-- Generated by org.testng.reporters.JUnitReportReporter -->
<testsuite skipped="0" hostname="Adarsh" name="pageobjects.Fbpage" tests="1" failures="0" timestamp="2020-06-11T20:10:12 IST" time="0.023" errors="0">
  <testcase name="title" time="0.023" classname="pageobjects.Fbpage"/>
  <system-out/>
</testsuite> <!-- pageobjects.Fbpage -->
