<?xml version="1.0" encoding="UTF-8"?>
<!-- Generated by org.testng.reporters.JUnitReportReporter -->
<testsuite skipped="0" hostname="Adarsh" name="pageobjects.FB" tests="1" failures="0" timestamp="2020-06-06T21:57:47 IST" time="0.018" errors="0">
  <testcase name="title" time="0.018" classname="pageobjects.FB"/>
  <system-out/>
</testsuite> <!-- pageobjects.FB -->
